Arguments: 
  C:\Program Files\nodejs\node.exe C:\Users\Brennan\AppData\Roaming\npm\node_modules\yarn\bin\yarn.js add cors dotenv express-fileupload mongoose sass

PATH: 
  C:\Program Files\Common Files\Oracle\Java\javapath;C:\Program Files (x86)\Common Files\Oracle\Java\javapath;C:\Windows\system32;C:\Windows;C:\Windows\System32\Wbem;C:\Windows\System32\WindowsPowerShell\v1.0\;C:\Windows\System32\OpenSSH\;C:\Program Files\Git\cmd;C:\Program Files\dotnet\;C:\Program Files\Go\bin;C:\Program Files\Docker\Docker\resources\bin;C:\ProgramData\chocolatey\bin;C:\Program Files\Amazon\AWSCLIV2\;C:\Program Files\PuTTY\;C:\Program Files\nodejs\;C:\Program Files\Mullvad VPN\resources;C:\Users\Brennan\.cargo\bin;C:\Users\Brennan\AppData\Local\Programs\Python\Python311\Scripts\;C:\Users\Brennan\AppData\Local\Programs\Python\Python311\;C:\Users\Brennan\AppData\Local\Microsoft\WindowsApps;C:\Users\Brennan\AppData\Local\Programs\Microsoft VS Code\bin;C:\Users\Brennan\go\bin;C:\Users\Brennan\AppData\Local\atom\bin;C:\Program Files\wkhtmltopdf\bin;C:\Users\Brennan\AppData\Local\gitkraken\bin;C:\Users\Brennan\AppData\Roaming\npm;C:\Web Dev\finfo\node_modules\.bin

Yarn version: 
  1.22.19

Node version: 
  20.9.0

Platform: 
  win32 x64

Trace: 
  SyntaxError: C:\Web Dev\finfo\package.json: Expected double-quoted property name in JSON at position 238
      at JSON.parse (<anonymous>)
      at C:\Users\Brennan\AppData\Roaming\npm\node_modules\yarn\lib\cli.js:1629:59
      at Generator.next (<anonymous>)
      at step (C:\Users\Brennan\AppData\Roaming\npm\node_modules\yarn\lib\cli.js:310:30)
      at C:\Users\Brennan\AppData\Roaming\npm\node_modules\yarn\lib\cli.js:321:13

npm manifest: 
  {
    "name": "finfo",
    "version": "0.0.0",
    "private": true,
    "scripts": {
      "start": "node ./bin/www"
    },
    "dependencies": {
      "cookie-parser": "~1.4.4",
      "debug": "~2.6.9",
      "express": "~4.16.1",
      "morgan": "~1.9.1",
    }
  }

yarn manifest: 
  No manifest

Lockfile: 
  No lockfile
